Starting training for SMRI 

    Training for subset  FTPC

            Target:c0b
            Starting nested cross-validation process...


            Processing outer fold 1...
            Starting hyperparameter tuning for outer fold 1...
            Best hyperparameters for outer fold 1: {'alpha_1': 1e-06, 'alpha_2': 1e-06, 'lambda_1': 1e-06, 'lambda_2': 0.0001}
            Completed outer fold 1. Train R²: 0.0779, Test R²: 0.0535, Test MSE: 0.9566, Train Correlation: 0.2866, Test Correlation: 0.2323, Validation R²: 0.0463

            Processing outer fold 2...
            Starting hyperparameter tuning for outer fold 2...
            Best hyperparameters for outer fold 2: {'alpha_1': 0.0001, 'alpha_2': 1e-05, 'lambda_1': 1e-06, 'lambda_2': 0.0001}
            Completed outer fold 2. Train R²: 0.0881, Test R²: 0.0357, Test MSE: 0.9847, Train Correlation: 0.3044, Test Correlation: 0.1947, Validation R²: 0.0510

            Processing outer fold 3...
            Starting hyperparameter tuning for outer fold 3...
            Best hyperparameters for outer fold 3: {'alpha_1': 0.0001, 'alpha_2': 1e-06, 'lambda_1': 0.0001, 'lambda_2': 1e-06}
            Completed outer fold 3. Train R²: 0.0768, Test R²: 0.0626, Test MSE: 0.8813, Train Correlation: 0.2854, Test Correlation: 0.2524, Validation R²: 0.0433

            Processing outer fold 4...
            Starting hyperparameter tuning for outer fold 4...
            Best hyperparameters for outer fold 4: {'alpha_1': 1e-06, 'alpha_2': 0.0001, 'lambda_1': 0.0001, 'lambda_2': 1e-06}
            Completed outer fold 4. Train R²: 0.0805, Test R²: 0.0496, Test MSE: 0.9391, Train Correlation: 0.2913, Test Correlation: 0.2230, Validation R²: 0.0471

            Processing outer fold 5...
            Starting hyperparameter tuning for outer fold 5...
            Best hyperparameters for outer fold 5: {'alpha_1': 0.0001, 'alpha_2': 1e-05, 'lambda_1': 1e-05, 'lambda_2': 0.0001}
            Completed outer fold 5. Train R²: 0.0809, Test R²: 0.0435, Test MSE: 0.9934, Train Correlation: 0.2918, Test Correlation: 0.2095, Validation R²: 0.0490

            Cross-validation process complete!
            Mean test score (MSE): 0.9510, Std: 0.0399
            Mean train R²: 0.0808, Std: 0.0039
            Mean test R²: 0.0490, Std: 0.0091
            Mean train correlation: 0.2919, Std: 0.0067
            Mean test correlation: 0.2224, Std: 0.0196
            Mean validation R²: 0.0473, Std: 0.0026
            Mean validation correlation: 0.2176, Std: 0.0059

            -------------------------------------------------------------------------------------------------------------------------


            Target:c2b
            Starting nested cross-validation process...


            Processing outer fold 1...
            Starting hyperparameter tuning for outer fold 1...
            Best hyperparameters for outer fold 1: {'alpha_1': 1e-06, 'alpha_2': 0.0001, 'lambda_1': 1e-05, 'lambda_2': 0.0001}
            Completed outer fold 1. Train R²: 0.0843, Test R²: 0.0569, Test MSE: 0.9327, Train Correlation: 0.2959, Test Correlation: 0.2389, Validation R²: 0.0552

            Processing outer fold 2...
            Starting hyperparameter tuning for outer fold 2...
            Best hyperparameters for outer fold 2: {'alpha_1': 0.0001, 'alpha_2': 1e-06, 'lambda_1': 1e-06, 'lambda_2': 0.0001}
            Completed outer fold 2. Train R²: 0.0919, Test R²: 0.0459, Test MSE: 0.9832, Train Correlation: 0.3092, Test Correlation: 0.2171, Validation R²: 0.0572

            Processing outer fold 3...
            Starting hyperparameter tuning for outer fold 3...
            Best hyperparameters for outer fold 3: {'alpha_1': 1e-05, 'alpha_2': 0.0001, 'lambda_1': 1e-05, 'lambda_2': 1e-06}
            Completed outer fold 3. Train R²: 0.0861, Test R²: 0.0592, Test MSE: 0.9394, Train Correlation: 0.2995, Test Correlation: 0.2435, Validation R²: 0.0515

            Processing outer fold 4...
            Starting hyperparameter tuning for outer fold 4...
            Best hyperparameters for outer fold 4: {'alpha_1': 0.0001, 'alpha_2': 0.0001, 'lambda_1': 0.0001, 'lambda_2': 1e-06}
            Completed outer fold 4. Train R²: 0.0862, Test R²: 0.0584, Test MSE: 0.9125, Train Correlation: 0.2996, Test Correlation: 0.2419, Validation R²: 0.0532

            Processing outer fold 5...
            Starting hyperparameter tuning for outer fold 5...
            Best hyperparameters for outer fold 5: {'alpha_1': 1e-05, 'alpha_2': 0.0001, 'lambda_1': 1e-06, 'lambda_2': 0.0001}
            Completed outer fold 5. Train R²: 0.0858, Test R²: 0.0518, Test MSE: 0.9597, Train Correlation: 0.2986, Test Correlation: 0.2289, Validation R²: 0.0553

            Cross-validation process complete!
            Mean test score (MSE): 0.9455, Std: 0.0241
            Mean train R²: 0.0869, Std: 0.0026
            Mean test R²: 0.0544, Std: 0.0050
            Mean train correlation: 0.3006, Std: 0.0045
            Mean test correlation: 0.2340, Std: 0.0099
            Mean validation R²: 0.0545, Std: 0.0020
            Mean validation correlation: 0.2335, Std: 0.0041
            -------------------------------------------------------------------------------------------------------------------------


            Target:cbcl
            Starting nested cross-validation process...


            Processing outer fold 1...
            Starting hyperparameter tuning for outer fold 1...
            Best hyperparameters for outer fold 1: {'alpha_1': 1e-06, 'alpha_2': 1e-06, 'lambda_1': 1e-05, 'lambda_2': 0.0001}
            Completed outer fold 1. Train R²: 0.0287, Test R²: 0.0097, Test MSE: 0.9620, Train Correlation: 0.1898, Test Correlation: 0.0997, Validation R²: 0.0090

            Processing outer fold 2...
            Starting hyperparameter tuning for outer fold 2...
            Best hyperparameters for outer fold 2: {'alpha_1': 0.0001, 'alpha_2': 1e-06, 'lambda_1': 1e-06, 'lambda_2': 0.0001}
            Completed outer fold 2. Train R²: 0.0270, Test R²: 0.0123, Test MSE: 0.9528, Train Correlation: 0.1871, Test Correlation: 0.1173, Validation R²: 0.0068

            Processing outer fold 3...
            Starting hyperparameter tuning for outer fold 3...
            Best hyperparameters for outer fold 3: {'alpha_1': 1e-05, 'alpha_2': 1e-06, 'lambda_1': 1e-05, 'lambda_2': 1e-05}
            Completed outer fold 3. Train R²: 0.0273, Test R²: 0.0099, Test MSE: 0.9938, Train Correlation: 0.1853, Test Correlation: 0.1002, Validation R²: 0.0078

            Processing outer fold 4...
            Starting hyperparameter tuning for outer fold 4...
            Best hyperparameters for outer fold 4: {'alpha_1': 1e-05, 'alpha_2': 0.0001, 'lambda_1': 1e-06, 'lambda_2': 0.0001}
            Completed outer fold 4. Train R²: 0.0295, Test R²: 0.0113, Test MSE: 0.9996, Train Correlation: 0.1971, Test Correlation: 0.1075, Validation R²: 0.0081

            Processing outer fold 5...
            Starting hyperparameter tuning for outer fold 5...
            Best hyperparameters for outer fold 5: {'alpha_1': 1e-06, 'alpha_2': 1e-05, 'lambda_1': 0.0001, 'lambda_2': 1e-06}
            Completed outer fold 5. Train R²: 0.0302, Test R²: 0.0040, Test MSE: 1.0441, Train Correlation: 0.1942, Test Correlation: 0.0724, Validation R²: 0.0080

            Cross-validation process complete!
            Mean test score (MSE): 0.9905, Std: 0.0322
            Mean train R²: 0.0286, Std: 0.0013
            Mean test R²: 0.0094, Std: 0.0029
            Mean train correlation: 0.1907, Std: 0.0044
            Mean test correlation: 0.0994, Std: 0.0149
            Mean validation R²: 0.0080, Std: 0.0007
            Mean validation correlation: 0.0897, Std: 0.0038

            -------------------------------------------------------------------------------------------------------------------------------


            Target:pca1
            Starting nested cross-validation process...


            Processing outer fold 1...
            Starting hyperparameter tuning for outer fold 1...
            Best hyperparameters for outer fold 1: {'alpha_1': 1e-06, 'alpha_2': 1e-06, 'lambda_1': 1e-06, 'lambda_2': 0.0001}
            Completed outer fold 1. Train R²: 0.0403, Test R²: 0.0192, Test MSE: 0.9667, Train Correlation: 0.2305, Test Correlation: 0.1457, Validation R²: 0.0110

            Processing outer fold 2...
            Starting hyperparameter tuning for outer fold 2...
            Best hyperparameters for outer fold 2: {'alpha_1': 0.0001, 'alpha_2': 1e-06, 'lambda_1': 1e-06, 'lambda_2': 0.0001}
            Completed outer fold 2. Train R²: 0.0468, Test R²: 0.0129, Test MSE: 1.0124, Train Correlation: 0.2446, Test Correlation: 0.1166, Validation R²: 0.0129

            Processing outer fold 3...
            Starting hyperparameter tuning for outer fold 3...
            Best hyperparameters for outer fold 3: {'alpha_1': 0.0001, 'alpha_2': 1e-05, 'lambda_1': 1e-06, 'lambda_2': 0.0001}
            Completed outer fold 3. Train R²: 0.0416, Test R²: 0.0235, Test MSE: 1.0132, Train Correlation: 0.2370, Test Correlation: 0.1646, Validation R²: 0.0114

            Processing outer fold 4...
            Starting hyperparameter tuning for outer fold 4...
            Best hyperparameters for outer fold 4: {'alpha_1': 1e-06, 'alpha_2': 0.0001, 'lambda_1': 1e-06, 'lambda_2': 0.0001}
            Completed outer fold 4. Train R²: 0.0552, Test R²: -0.0009, Test MSE: 0.9920, Train Correlation: 0.2616, Test Correlation: 0.0722, Validation R²: 0.0221

            Processing outer fold 5...
            Starting hyperparameter tuning for outer fold 5...
            Best hyperparameters for outer fold 5: {'alpha_1': 1e-05, 'alpha_2': 1e-06, 'lambda_1': 1e-05, 'lambda_2': 0.0001}
            Completed outer fold 5. Train R²: 0.0472, Test R²: 0.0120, Test MSE: 0.9456, Train Correlation: 0.2449, Test Correlation: 0.1152, Validation R²: 0.0116

            Cross-validation process complete!
            Mean test score (MSE): 0.9860, Std: 0.0264
            Mean train R²: 0.0462, Std: 0.0053
            Mean test R²: 0.0133, Std: 0.0083
            Mean train correlation: 0.2437, Std: 0.0104
            Mean test correlation: 0.1229, Std: 0.0314
            Mean validation R²: 0.0138, Std: 0.0042
            Mean validation correlation: 0.1169, Std: 0.0164


            ---------------------------------------------------------------------------------------------------------------------------------------------------------


    Training for subsetFTP

            Target:c0b
            Starting nested cross-validation process...


            Processing outer fold 1...
            Starting hyperparameter tuning for outer fold 1...
            Best hyperparameters for outer fold 1: {'alpha_1': 0.0001, 'alpha_2': 1e-06, 'lambda_1': 0.0001, 'lambda_2': 0.0001}
            Completed outer fold 1. Train R²: 0.0752, Test R²: 0.0496, Test MSE: 0.9606, Train Correlation: 0.2818, Test Correlation: 0.2237, Validation R²: 0.0445

            Processing outer fold 2...
            Starting hyperparameter tuning for outer fold 2...
            Best hyperparameters for outer fold 2: {'alpha_1': 1e-05, 'alpha_2': 1e-06, 'lambda_1': 1e-06, 'lambda_2': 1e-06}
            Completed outer fold 2. Train R²: 0.0836, Test R²: 0.0326, Test MSE: 0.9879, Train Correlation: 0.2967, Test Correlation: 0.1878, Validation R²: 0.0482

            Processing outer fold 3...
            Starting hyperparameter tuning for outer fold 3...
            Best hyperparameters for outer fold 3: {'alpha_1': 1e-05, 'alpha_2': 0.0001, 'lambda_1': 0.0001, 'lambda_2': 1e-06}
            Completed outer fold 3. Train R²: 0.0732, Test R²: 0.0596, Test MSE: 0.8841, Train Correlation: 0.2788, Test Correlation: 0.2463, Validation R²: 0.0409

            Processing outer fold 4...
            Starting hyperparameter tuning for outer fold 4...
            Best hyperparameters for outer fold 4: {'alpha_1': 1e-06, 'alpha_2': 0.0001, 'lambda_1': 1e-05, 'lambda_2': 1e-06}
            Completed outer fold 4. Train R²: 0.0762, Test R²: 0.0468, Test MSE: 0.9419, Train Correlation: 0.2836, Test Correlation: 0.2167, Validation R²: 0.0436

            Processing outer fold 5...
            Starting hyperparameter tuning for outer fold 5...
            Best hyperparameters for outer fold 5: {'alpha_1': 0.0001, 'alpha_2': 1e-06, 'lambda_1': 1e-05, 'lambda_2': 0.0001}
            Completed outer fold 5. Train R²: 0.0780, Test R²: 0.0385, Test MSE: 0.9986, Train Correlation: 0.2866, Test Correlation: 0.1980, Validation R²: 0.0464

            Cross-validation process complete!
            Mean test score (MSE): 0.9546, Std: 0.0405
            Mean train R²: 0.0772, Std: 0.0035
            Mean test R²: 0.0454, Std: 0.0093
            Mean train correlation: 0.2855, Std: 0.0061
            Mean test correlation: 0.2145, Std: 0.0204
            Mean validation R²: 0.0447, Std: 0.0025
            Mean validation correlation: 0.2115, Std: 0.0058


            -----------------------------------------------------------------------------------------------

            Target:c2b
            Starting nested cross-validation process...


            Processing outer fold 1...
            Starting hyperparameter tuning for outer fold 1...
            Best hyperparameters for outer fold 1: {'alpha_1': 0.0001, 'alpha_2': 1e-06, 'lambda_1': 0.0001, 'lambda_2': 1e-05}
            Completed outer fold 1. Train R²: 0.0797, Test R²: 0.0527, Test MSE: 0.9369, Train Correlation: 0.2881, Test Correlation: 0.2300, Validation R²: 0.0517

            Processing outer fold 2...
            Starting hyperparameter tuning for outer fold 2...
            Best hyperparameters for outer fold 2: {'alpha_1': 1e-06, 'alpha_2': 1e-06, 'lambda_1': 1e-06, 'lambda_2': 1e-06}
            Completed outer fold 2. Train R²: 0.0871, Test R²: 0.0402, Test MSE: 0.9890, Train Correlation: 0.3010, Test Correlation: 0.2053, Validation R²: 0.0541

            Processing outer fold 3...
            Starting hyperparameter tuning for outer fold 3...
            Best hyperparameters for outer fold 3: {'alpha_1': 1e-06, 'alpha_2': 1e-05, 'lambda_1': 1e-06, 'lambda_2': 1e-06}
            Completed outer fold 3. Train R²: 0.0801, Test R²: 0.0572, Test MSE: 0.9414, Train Correlation: 0.2889, Test Correlation: 0.2394, Validation R²: 0.0479

            Processing outer fold 4...
            Starting hyperparameter tuning for outer fold 4...
            Best hyperparameters for outer fold 4: {'alpha_1': 0.0001, 'alpha_2': 1e-05, 'lambda_1': 0.0001, 'lambda_2': 1e-06}
            Completed outer fold 4. Train R²: 0.0814, Test R²: 0.0537, Test MSE: 0.9171, Train Correlation: 0.2911, Test Correlation: 0.2317, Validation R²: 0.0493

            Processing outer fold 5...
            Starting hyperparameter tuning for outer fold 5...
            Best hyperparameters for outer fold 5: {'alpha_1': 1e-06, 'alpha_2': 0.0001, 'lambda_1': 0.0001, 'lambda_2': 0.0001}
            Completed outer fold 5. Train R²: 0.0810, Test R²: 0.0477, Test MSE: 0.9638, Train Correlation: 0.2902, Test Correlation: 0.2198, Validation R²: 0.0519

            Cross-validation process complete!
            Mean test score (MSE): 0.9496, Std: 0.0247
            Mean train R²: 0.0818, Std: 0.0027
            Mean test R²: 0.0503, Std: 0.0059
            Mean train correlation: 0.2919, Std: 0.0047
            Mean test correlation: 0.2253, Std: 0.0118
            Mean validation R²: 0.0510, Std: 0.0022
            Mean validation correlation: 0.2258, Std: 0.0047

            --------------------------------------------------------------------------------


            Target:cbcl
            Starting nested cross-validation process...


            Processing outer fold 1...
            Starting hyperparameter tuning for outer fold 1...
            Best hyperparameters for outer fold 1: {'alpha_1': 1e-06, 'alpha_2': 1e-06, 'lambda_1': 1e-05, 'lambda_2': 0.0001}
            Completed outer fold 1. Train R²: 0.0269, Test R²: 0.0086, Test MSE: 0.9631, Train Correlation: 0.1846, Test Correlation: 0.0944, Validation R²: 0.0085

            Processing outer fold 2...
            Starting hyperparameter tuning for outer fold 2...
            Best hyperparameters for outer fold 2: {'alpha_1': 1e-05, 'alpha_2': 0.0001, 'lambda_1': 1e-05, 'lambda_2': 0.0001}
            Completed outer fold 2. Train R²: 0.0239, Test R²: 0.0120, Test MSE: 0.9531, Train Correlation: 0.1778, Test Correlation: 0.1173, Validation R²: 0.0055

            Processing outer fold 3...
            Starting hyperparameter tuning for outer fold 3...
            Best hyperparameters for outer fold 3: {'alpha_1': 1e-06, 'alpha_2': 0.0001, 'lambda_1': 1e-05, 'lambda_2': 0.0001}
            Completed outer fold 3. Train R²: 0.0260, Test R²: 0.0085, Test MSE: 0.9953, Train Correlation: 0.1806, Test Correlation: 0.0926, Validation R²: 0.0081

            Processing outer fold 4...
            Starting hyperparameter tuning for outer fold 4...
            Best hyperparameters for outer fold 4: {'alpha_1': 1e-05, 'alpha_2': 0.0001, 'lambda_1': 1e-06, 'lambda_2': 0.0001}
            Completed outer fold 4. Train R²: 0.0267, Test R²: 0.0103, Test MSE: 1.0005, Train Correlation: 0.1884, Test Correlation: 0.1032, Validation R²: 0.0070

            Processing outer fold 5...
            Starting hyperparameter tuning for outer fold 5...
            Best hyperparameters for outer fold 5: {'alpha_1': 1e-06, 'alpha_2': 1e-06, 'lambda_1': 0.0001, 'lambda_2': 1e-05}
            Completed outer fold 5. Train R²: 0.0282, Test R²: 0.0022, Test MSE: 1.0460, Train Correlation: 0.1874, Test Correlation: 0.0628, Validation R²: 0.0076

            Cross-validation process complete!
            Mean test score (MSE): 0.9916, Std: 0.0327
            Mean train R²: 0.0263, Std: 0.0014
            Mean test R²: 0.0083, Std: 0.0033
            Mean train correlation: 0.1838, Std: 0.0040
            Mean test correlation: 0.0941, Std: 0.0179
            Mean validation R²: 0.0073, Std: 0.0011
            Mean validation correlation: 0.0859, Std: 0.0062

            ----------------------------------------------------------------------------------------------------------



            Target:pca1
            Starting nested cross-validation process...


            Processing outer fold 1...
            Starting hyperparameter tuning for outer fold 1...
            Best hyperparameters for outer fold 1: {'alpha_1': 1e-05, 'alpha_2': 0.0001, 'lambda_1': 1e-06, 'lambda_2': 0.0001}
            Completed outer fold 1. Train R²: 0.0382, Test R²: 0.0168, Test MSE: 0.9691, Train Correlation: 0.2242, Test Correlation: 0.1359, Validation R²: 0.0107

            Processing outer fold 2...
            Starting hyperparameter tuning for outer fold 2...
            Best hyperparameters for outer fold 2: {'alpha_1': 1e-05, 'alpha_2': 1e-06, 'lambda_1': 1e-06, 'lambda_2': 0.0001}
            Completed outer fold 2. Train R²: 0.0444, Test R²: 0.0115, Test MSE: 1.0139, Train Correlation: 0.2383, Test Correlation: 0.1109, Validation R²: 0.0117

            Processing outer fold 3...
            Starting hyperparameter tuning for outer fold 3...
            Best hyperparameters for outer fold 3: {'alpha_1': 0.0001, 'alpha_2': 1e-05, 'lambda_1': 1e-06, 'lambda_2': 0.0001}
            Completed outer fold 3. Train R²: 0.0386, Test R²: 0.0218, Test MSE: 1.0150, Train Correlation: 0.2288, Test Correlation: 0.1584, Validation R²: 0.0107

            Processing outer fold 4...
            Starting hyperparameter tuning for outer fold 4...
            Best hyperparameters for outer fold 4: {'alpha_1': 1e-05, 'alpha_2': 1e-06, 'lambda_1': 1e-06, 'lambda_2': 0.0001}
            Completed outer fold 4. Train R²: 0.0517, Test R²: -0.0005, Test MSE: 0.9916, Train Correlation: 0.2536, Test Correlation: 0.0711, Validation R²: 0.0207

            Processing outer fold 5...
            Starting hyperparameter tuning for outer fold 5...
            Best hyperparameters for outer fold 5: {'alpha_1': 0.0001, 'alpha_2': 1e-06, 'lambda_1': 1e-06, 'lambda_2': 0.0001}
            Completed outer fold 5. Train R²: 0.0432, Test R²: 0.0127, Test MSE: 0.9449, Train Correlation: 0.2353, Test Correlation: 0.1182, Validation R²: 0.0111

            Cross-validation process complete!
            Mean test score (MSE): 0.9869, Std: 0.0269
            Mean train R²: 0.0432, Std: 0.0049
            Mean test R²: 0.0124, Std: 0.0074
            Mean train correlation: 0.2360, Std: 0.0101
            Mean test correlation: 0.1189, Std: 0.0290
            Mean validation R²: 0.0130, Std: 0.0039
            Mean validation correlation: 0.1133, Std: 0.0158
Training for subsetFTC
(10241, 211)
(10537, 211)
(6928, 211)
 Target:c0b
Starting nested cross-validation process...


Processing outer fold 1...
Starting hyperparameter tuning for outer fold 1...
Best hyperparameters for outer fold 1: {'alpha_1': 1e-06, 'alpha_2': 0.0001, 'lambda_1': 1e-05, 'lambda_2': 0.0001}
Completed outer fold 1. Train R²: 0.0669, Test R²: 0.0512, Test MSE: 0.9590, Train Correlation: 0.2631, Test Correlation: 0.2270, Validation R²: 0.0445

Processing outer fold 2...
Starting hyperparameter tuning for outer fold 2...
Best hyperparameters for outer fold 2: {'alpha_1': 1e-06, 'alpha_2': 1e-05, 'lambda_1': 1e-05, 'lambda_2': 1e-06}
Completed outer fold 2. Train R²: 0.0766, Test R²: 0.0297, Test MSE: 0.9908, Train Correlation: 0.2813, Test Correlation: 0.1810, Validation R²: 0.0487

Processing outer fold 3...
Starting hyperparameter tuning for outer fold 3...
Best hyperparameters for outer fold 3: {'alpha_1': 1e-05, 'alpha_2': 1e-06, 'lambda_1': 1e-05, 'lambda_2': 0.0001}
Completed outer fold 3. Train R²: 0.0677, Test R²: 0.0560, Test MSE: 0.8875, Train Correlation: 0.2652, Test Correlation: 0.2379, Validation R²: 0.0431

Processing outer fold 4...
Starting hyperparameter tuning for outer fold 4...
Best hyperparameters for outer fold 4: {'alpha_1': 1e-05, 'alpha_2': 0.0001, 'lambda_1': 0.0001, 'lambda_2': 1e-06}
Completed outer fold 4. Train R²: 0.0687, Test R²: 0.0507, Test MSE: 0.9380, Train Correlation: 0.2667, Test Correlation: 0.2261, Validation R²: 0.0430

Processing outer fold 5...
Starting hyperparameter tuning for outer fold 5...
Best hyperparameters for outer fold 5: {'alpha_1': 1e-06, 'alpha_2': 1e-05, 'lambda_1': 1e-05, 'lambda_2': 0.0001}
Completed outer fold 5. Train R²: 0.0703, Test R²: 0.0468, Test MSE: 0.9899, Train Correlation: 0.2700, Test Correlation: 0.2165, Validation R²: 0.0447

Cross-validation process complete!
Mean test score (MSE): 0.9531, Std: 0.0383
Mean train R²: 0.0701, Std: 0.0035
Mean test R²: 0.0469, Std: 0.0090
Mean train correlation: 0.2692, Std: 0.0064
Mean test correlation: 0.2177, Std: 0.0196
Mean validation R²: 0.0448, Std: 0.0021
Mean validation correlation: 0.2117, Std: 0.0049
 Target:c2b
Starting nested cross-validation process...


Processing outer fold 1...
Starting hyperparameter tuning for outer fold 1...
Best hyperparameters for outer fold 1: {'alpha_1': 1e-05, 'alpha_2': 1e-06, 'lambda_1': 1e-05, 'lambda_2': 0.0001}
Completed outer fold 1. Train R²: 0.0752, Test R²: 0.0504, Test MSE: 0.9391, Train Correlation: 0.2776, Test Correlation: 0.2253, Validation R²: 0.0529

Processing outer fold 2...
Starting hyperparameter tuning for outer fold 2...
Best hyperparameters for outer fold 2: {'alpha_1': 0.0001, 'alpha_2': 1e-05, 'lambda_1': 1e-06, 'lambda_2': 0.0001}
Completed outer fold 2. Train R²: 0.0818, Test R²: 0.0413, Test MSE: 0.9879, Train Correlation: 0.2896, Test Correlation: 0.2071, Validation R²: 0.0567

Processing outer fold 3...
Starting hyperparameter tuning for outer fold 3...
Best hyperparameters for outer fold 3: {'alpha_1': 1e-06, 'alpha_2': 1e-06, 'lambda_1': 1e-06, 'lambda_2': 0.0001}
Completed outer fold 3. Train R²: 0.0762, Test R²: 0.0574, Test MSE: 0.9412, Train Correlation: 0.2798, Test Correlation: 0.2398, Validation R²: 0.0482

Processing outer fold 4...
Starting hyperparameter tuning for outer fold 4...
Best hyperparameters for outer fold 4: {'alpha_1': 0.0001, 'alpha_2': 1e-06, 'lambda_1': 1e-06, 'lambda_2': 0.0001}
Completed outer fold 4. Train R²: 0.0757, Test R²: 0.0571, Test MSE: 0.9138, Train Correlation: 0.2788, Test Correlation: 0.2393, Validation R²: 0.0512

Processing outer fold 5...
Starting hyperparameter tuning for outer fold 5...
Best hyperparameters for outer fold 5: {'alpha_1': 0.0001, 'alpha_2': 0.0001, 'lambda_1': 0.0001, 'lambda_2': 0.0001}
Completed outer fold 5. Train R²: 0.0745, Test R²: 0.0581, Test MSE: 0.9532, Train Correlation: 0.2766, Test Correlation: 0.2415, Validation R²: 0.0496

Cross-validation process complete!
Mean test score (MSE): 0.9470, Std: 0.0241
Mean train R²: 0.0766, Std: 0.0026
Mean test R²: 0.0529, Std: 0.0064
Mean train correlation: 0.2805, Std: 0.0047
Mean test correlation: 0.2306, Std: 0.0131
Mean validation R²: 0.0517, Std: 0.0029
Mean validation correlation: 0.2275, Std: 0.0063
 Target:cbcl
Starting nested cross-validation process...


Processing outer fold 1...
Starting hyperparameter tuning for outer fold 1...
Best hyperparameters for outer fold 1: {'alpha_1': 1e-06, 'alpha_2': 1e-05, 'lambda_1': 1e-06, 'lambda_2': 0.0001}
Completed outer fold 1. Train R²: 0.0240, Test R²: 0.0110, Test MSE: 0.9608, Train Correlation: 0.1695, Test Correlation: 0.1058, Validation R²: 0.0093

Processing outer fold 2...
Starting hyperparameter tuning for outer fold 2...
Best hyperparameters for outer fold 2: {'alpha_1': 0.0001, 'alpha_2': 1e-05, 'lambda_1': 1e-06, 'lambda_2': 0.0001}
Completed outer fold 2. Train R²: 0.0222, Test R²: 0.0141, Test MSE: 0.9510, Train Correlation: 0.1661, Test Correlation: 0.1266, Validation R²: 0.0065

Processing outer fold 3...
Starting hyperparameter tuning for outer fold 3...
Best hyperparameters for outer fold 3: {'alpha_1': 1e-06, 'alpha_2': 0.0001, 'lambda_1': 1e-06, 'lambda_2': 0.0001}
Completed outer fold 3. Train R²: 0.0260, Test R²: 0.0098, Test MSE: 0.9939, Train Correlation: 0.1762, Test Correlation: 0.0997, Validation R²: 0.0068

Processing outer fold 4...
Starting hyperparameter tuning for outer fold 4...
Best hyperparameters for outer fold 4: {'alpha_1': 1e-05, 'alpha_2': 0.0001, 'lambda_1': 1e-06, 'lambda_2': 0.0001}
Completed outer fold 4. Train R²: 0.0281, Test R²: 0.0077, Test MSE: 1.0032, Train Correlation: 0.1840, Test Correlation: 0.0902, Validation R²: 0.0101

Processing outer fold 5...
Starting hyperparameter tuning for outer fold 5...
Best hyperparameters for outer fold 5: {'alpha_1': 1e-06, 'alpha_2': 1e-06, 'lambda_1': 1e-06, 'lambda_2': 0.0001}
Completed outer fold 5. Train R²: 0.0272, Test R²: 0.0032, Test MSE: 1.0449, Train Correlation: 0.1783, Test Correlation: 0.0692, Validation R²: 0.0101

Cross-validation process complete!
Mean test score (MSE): 0.9908, Std: 0.0334
Mean train R²: 0.0255, Std: 0.0021
Mean test R²: 0.0091, Std: 0.0036
Mean train correlation: 0.1748, Std: 0.0064
Mean test correlation: 0.0983, Std: 0.0188
Mean validation R²: 0.0086, Std: 0.0016
Mean validation correlation: 0.0927, Std: 0.0082
 Target:pca1
Starting nested cross-validation process...


Processing outer fold 1...
Starting hyperparameter tuning for outer fold 1...
Best hyperparameters for outer fold 1: {'alpha_1': 0.0001, 'alpha_2': 1e-05, 'lambda_1': 1e-06, 'lambda_2': 0.0001}
Completed outer fold 1. Train R²: 0.0332, Test R²: 0.0190, Test MSE: 0.9669, Train Correlation: 0.2034, Test Correlation: 0.1452, Validation R²: 0.0100

Processing outer fold 2...
Starting hyperparameter tuning for outer fold 2...
Best hyperparameters for outer fold 2: {'alpha_1': 0.0001, 'alpha_2': 1e-06, 'lambda_1': 1e-06, 'lambda_2': 0.0001}
Completed outer fold 2. Train R²: 0.0390, Test R²: 0.0117, Test MSE: 1.0136, Train Correlation: 0.2175, Test Correlation: 0.1114, Validation R²: 0.0142

Processing outer fold 3...
Starting hyperparameter tuning for outer fold 3...
Best hyperparameters for outer fold 3: {'alpha_1': 1e-05, 'alpha_2': 1e-06, 'lambda_1': 1e-05, 'lambda_2': 0.0001}
Completed outer fold 3. Train R²: 0.0370, Test R²: 0.0170, Test MSE: 1.0200, Train Correlation: 0.2136, Test Correlation: 0.1354, Validation R²: 0.0116

Processing outer fold 4...
Starting hyperparameter tuning for outer fold 4...
Best hyperparameters for outer fold 4: {'alpha_1': 1e-06, 'alpha_2': 1e-06, 'lambda_1': 1e-06, 'lambda_2': 0.0001}
Completed outer fold 4. Train R²: 0.0415, Test R²: 0.0032, Test MSE: 0.9880, Train Correlation: 0.2219, Test Correlation: 0.0799, Validation R²: 0.0169

Processing outer fold 5...
Starting hyperparameter tuning for outer fold 5...
Best hyperparameters for outer fold 5: {'alpha_1': 0.0001, 'alpha_2': 1e-05, 'lambda_1': 1e-05, 'lambda_2': 0.0001}
Completed outer fold 5. Train R²: 0.0380, Test R²: 0.0113, Test MSE: 0.9463, Train Correlation: 0.2146, Test Correlation: 0.1122, Validation R²: 0.0104

Cross-validation process complete!
Mean test score (MSE): 0.9870, Std: 0.0278
Mean train R²: 0.0377, Std: 0.0027
Mean test R²: 0.0124, Std: 0.0055
Mean train correlation: 0.2142, Std: 0.0061
Mean test correlation: 0.1168, Std: 0.0226
Mean validation R²: 0.0126, Std: 0.0026
Mean validation correlation: 0.1122, Std: 0.0110
 Starting training for DTI 
Training for subsetFTPC
(8299, 341)
(8475, 341)
(5869, 341)
 Target:c0b
Starting nested cross-validation process...


Processing outer fold 1...
Starting hyperparameter tuning for outer fold 1...
Best hyperparameters for outer fold 1: {'alpha_1': 1e-06, 'alpha_2': 0.0001, 'lambda_1': 0.0001, 'lambda_2': 1e-06}
Completed outer fold 1. Train R²: 0.0758, Test R²: 0.0321, Test MSE: 1.0725, Train Correlation: 0.2892, Test Correlation: 0.1896, Validation R²: 0.0355

Processing outer fold 2...
Starting hyperparameter tuning for outer fold 2...
Best hyperparameters for outer fold 2: {'alpha_1': 1e-05, 'alpha_2': 1e-06, 'lambda_1': 1e-05, 'lambda_2': 1e-06}
Completed outer fold 2. Train R²: 0.0767, Test R²: 0.0471, Test MSE: 0.9150, Train Correlation: 0.2927, Test Correlation: 0.2189, Validation R²: 0.0348

Processing outer fold 3...
Starting hyperparameter tuning for outer fold 3...
Best hyperparameters for outer fold 3: {'alpha_1': 1e-05, 'alpha_2': 1e-06, 'lambda_1': 0.0001, 'lambda_2': 1e-06}
Completed outer fold 3. Train R²: 0.0762, Test R²: 0.0410, Test MSE: 0.9683, Train Correlation: 0.2909, Test Correlation: 0.2029, Validation R²: 0.0366

Processing outer fold 4...
Starting hyperparameter tuning for outer fold 4...
Best hyperparameters for outer fold 4: {'alpha_1': 1e-06, 'alpha_2': 1e-06, 'lambda_1': 0.0001, 'lambda_2': 1e-06}
Completed outer fold 4. Train R²: 0.0802, Test R²: 0.0379, Test MSE: 0.9124, Train Correlation: 0.2991, Test Correlation: 0.1958, Validation R²: 0.0366

Processing outer fold 5...
Starting hyperparameter tuning for outer fold 5...
Best hyperparameters for outer fold 5: {'alpha_1': 0.0001, 'alpha_2': 0.0001, 'lambda_1': 0.0001, 'lambda_2': 1e-06}
Completed outer fold 5. Train R²: 0.0799, Test R²: 0.0308, Test MSE: 0.9398, Train Correlation: 0.2970, Test Correlation: 0.1835, Validation R²: 0.0382

Cross-validation process complete!
Mean test score (MSE): 0.9616, Std: 0.0590
Mean train R²: 0.0778, Std: 0.0019
Mean test R²: 0.0378, Std: 0.0060
Mean train correlation: 0.2938, Std: 0.0037
Mean test correlation: 0.1981, Std: 0.0122
Mean validation R²: 0.0363, Std: 0.0012
Mean validation correlation: 0.1908, Std: 0.0031
 Target:c2b
Starting nested cross-validation process...


Processing outer fold 1...
Starting hyperparameter tuning for outer fold 1...
Best hyperparameters for outer fold 1: {'alpha_1': 1e-05, 'alpha_2': 0.0001, 'lambda_1': 0.0001, 'lambda_2': 1e-06}
Completed outer fold 1. Train R²: 0.0867, Test R²: 0.0355, Test MSE: 1.0628, Train Correlation: 0.3068, Test Correlation: 0.2040, Validation R²: 0.0453

Processing outer fold 2...
Starting hyperparameter tuning for outer fold 2...
Best hyperparameters for outer fold 2: {'alpha_1': 0.0001, 'alpha_2': 0.0001, 'lambda_1': 1e-05, 'lambda_2': 1e-06}
Completed outer fold 2. Train R²: 0.0863, Test R²: 0.0522, Test MSE: 0.8809, Train Correlation: 0.3082, Test Correlation: 0.2296, Validation R²: 0.0417

Processing outer fold 3...
Starting hyperparameter tuning for outer fold 3...
Best hyperparameters for outer fold 3: {'alpha_1': 1e-05, 'alpha_2': 0.0001, 'lambda_1': 0.0001, 'lambda_2': 1e-06}
Completed outer fold 3. Train R²: 0.0840, Test R²: 0.0502, Test MSE: 0.9728, Train Correlation: 0.3032, Test Correlation: 0.2246, Validation R²: 0.0415

Processing outer fold 4...
Starting hyperparameter tuning for outer fold 4...
Best hyperparameters for outer fold 4: {'alpha_1': 1e-06, 'alpha_2': 1e-06, 'lambda_1': 0.0001, 'lambda_2': 1e-06}
Completed outer fold 4. Train R²: 0.0873, Test R²: 0.0443, Test MSE: 0.8978, Train Correlation: 0.3091, Test Correlation: 0.2119, Validation R²: 0.0443

Processing outer fold 5...
Starting hyperparameter tuning for outer fold 5...
Best hyperparameters for outer fold 5: {'alpha_1': 1e-06, 'alpha_2': 1e-06, 'lambda_1': 0.0001, 'lambda_2': 1e-06}
Completed outer fold 5. Train R²: 0.0880, Test R²: 0.0382, Test MSE: 0.9611, Train Correlation: 0.3096, Test Correlation: 0.2016, Validation R²: 0.0478

Cross-validation process complete!
Mean test score (MSE): 0.9551, Std: 0.0644
Mean train R²: 0.0865, Std: 0.0014
Mean test R²: 0.0441, Std: 0.0065
Mean train correlation: 0.3074, Std: 0.0023
Mean test correlation: 0.2143, Std: 0.0111
Mean validation R²: 0.0441, Std: 0.0023
Mean validation correlation: 0.2100, Std: 0.0055
 Target:cbcl
Starting nested cross-validation process...


Processing outer fold 1...
Starting hyperparameter tuning for outer fold 1...
Best hyperparameters for outer fold 1: {'alpha_1': 1e-06, 'alpha_2': 1e-06, 'lambda_1': 0.0001, 'lambda_2': 1e-06}
Completed outer fold 1. Train R²: 0.0386, Test R²: 0.0013, Test MSE: 0.9420, Train Correlation: 0.2370, Test Correlation: 0.0631, Validation R²: 0.0070

Processing outer fold 2...
Starting hyperparameter tuning for outer fold 2...
Best hyperparameters for outer fold 2: {'alpha_1': 1e-06, 'alpha_2': 0.0001, 'lambda_1': 1e-05, 'lambda_2': 0.0001}
Completed outer fold 2. Train R²: 0.0355, Test R²: 0.0031, Test MSE: 1.0033, Train Correlation: 0.2264, Test Correlation: 0.0713, Validation R²: 0.0095

Processing outer fold 3...
Starting hyperparameter tuning for outer fold 3...
Best hyperparameters for outer fold 3: {'alpha_1': 0.0001, 'alpha_2': 1e-05, 'lambda_1': 0.0001, 'lambda_2': 1e-06}
Completed outer fold 3. Train R²: 0.0262, Test R²: 0.0142, Test MSE: 1.0194, Train Correlation: 0.2154, Test Correlation: 0.1356, Validation R²: 0.0042

Processing outer fold 4...
Starting hyperparameter tuning for outer fold 4...
Best hyperparameters for outer fold 4: {'alpha_1': 0.0001, 'alpha_2': 1e-06, 'lambda_1': 1e-05, 'lambda_2': 0.0001}
Completed outer fold 4. Train R²: 0.0324, Test R²: 0.0093, Test MSE: 0.9812, Train Correlation: 0.2223, Test Correlation: 0.0966, Validation R²: 0.0069

Processing outer fold 5...
Starting hyperparameter tuning for outer fold 5...
Best hyperparameters for outer fold 5: {'alpha_1': 1e-06, 'alpha_2': 1e-06, 'lambda_1': 0.0001, 'lambda_2': 1e-06}
Completed outer fold 5. Train R²: 0.0317, Test R²: 0.0081, Test MSE: 1.0170, Train Correlation: 0.2208, Test Correlation: 0.0900, Validation R²: 0.0052

Cross-validation process complete!
Mean test score (MSE): 0.9926, Std: 0.0287
Mean train R²: 0.0329, Std: 0.0041
Mean test R²: 0.0072, Std: 0.0046
Mean train correlation: 0.2244, Std: 0.0072
Mean test correlation: 0.0913, Std: 0.0252
Mean validation R²: 0.0066, Std: 0.0018
Mean validation correlation: 0.0811, Std: 0.0109
 Target:pca1
Starting nested cross-validation process...


Processing outer fold 1...
Starting hyperparameter tuning for outer fold 1...
Best hyperparameters for outer fold 1: {'alpha_1': 0.0001, 'alpha_2': 1e-06, 'lambda_1': 0.0001, 'lambda_2': 1e-06}
Completed outer fold 1. Train R²: 0.0424, Test R²: 0.0203, Test MSE: 0.9312, Train Correlation: 0.2515, Test Correlation: 0.1465, Validation R²: 0.0084

Processing outer fold 2...
Starting hyperparameter tuning for outer fold 2...
Best hyperparameters for outer fold 2: {'alpha_1': 1e-06, 'alpha_2': 1e-05, 'lambda_1': 0.0001, 'lambda_2': 1e-06}
Completed outer fold 2. Train R²: 0.0602, Test R²: 0.0000, Test MSE: 1.0416, Train Correlation: 0.2848, Test Correlation: 0.0656, Validation R²: 0.0144

Processing outer fold 3...
Starting hyperparameter tuning for outer fold 3...
Best hyperparameters for outer fold 3: {'alpha_1': 1e-05, 'alpha_2': 0.0001, 'lambda_1': 1e-05, 'lambda_2': 0.0001}
Completed outer fold 3. Train R²: 0.0499, Test R²: 0.0166, Test MSE: 0.9968, Train Correlation: 0.2672, Test Correlation: 0.1290, Validation R²: 0.0139

Processing outer fold 4...
Starting hyperparameter tuning for outer fold 4...
Best hyperparameters for outer fold 4: {'alpha_1': 0.0001, 'alpha_2': 0.0001, 'lambda_1': 1e-05, 'lambda_2': 0.0001}
Completed outer fold 4. Train R²: 0.0453, Test R²: 0.0191, Test MSE: 0.9114, Train Correlation: 0.2591, Test Correlation: 0.1495, Validation R²: 0.0104

Processing outer fold 5...
Starting hyperparameter tuning for outer fold 5...
Best hyperparameters for outer fold 5: {'alpha_1': 1e-06, 'alpha_2': 1e-05, 'lambda_1': 0.0001, 'lambda_2': 1e-06}
Completed outer fold 5. Train R²: 0.0538, Test R²: 0.0083, Test MSE: 1.0532, Train Correlation: 0.2730, Test Correlation: 0.1055, Validation R²: 0.0127

Cross-validation process complete!
Mean test score (MSE): 0.9869, Std: 0.0571
Mean train R²: 0.0503, Std: 0.0063
Mean test R²: 0.0129, Std: 0.0077
Mean train correlation: 0.2671, Std: 0.0115
Mean test correlation: 0.1192, Std: 0.0310
Mean validation R²: 0.0120, Std: 0.0022
Mean validation correlation: 0.1092, Std: 0.0106
Training for subsetFTP
(8299, 310)
(8475, 310)
(5869, 310)
 Target:c0b
Starting nested cross-validation process...


Processing outer fold 1...
Starting hyperparameter tuning for outer fold 1...
Best hyperparameters for outer fold 1: {'alpha_1': 0.0001, 'alpha_2': 1e-06, 'lambda_1': 0.0001, 'lambda_2': 1e-06}
Completed outer fold 1. Train R²: 0.0736, Test R²: 0.0309, Test MSE: 1.0738, Train Correlation: 0.2841, Test Correlation: 0.1859, Validation R²: 0.0355

Processing outer fold 2...
Starting hyperparameter tuning for outer fold 2...
Best hyperparameters for outer fold 2: {'alpha_1': 1e-05, 'alpha_2': 1e-06, 'lambda_1': 1e-06, 'lambda_2': 1e-06}
Completed outer fold 2. Train R²: 0.0739, Test R²: 0.0447, Test MSE: 0.9173, Train Correlation: 0.2861, Test Correlation: 0.2129, Validation R²: 0.0348

Processing outer fold 3...
Starting hyperparameter tuning for outer fold 3...
Best hyperparameters for outer fold 3: {'alpha_1': 1e-06, 'alpha_2': 1e-06, 'lambda_1': 0.0001, 'lambda_2': 1e-06}
Completed outer fold 3. Train R²: 0.0737, Test R²: 0.0393, Test MSE: 0.9700, Train Correlation: 0.2850, Test Correlation: 0.1989, Validation R²: 0.0364

Processing outer fold 4...
Starting hyperparameter tuning for outer fold 4...
Best hyperparameters for outer fold 4: {'alpha_1': 1e-06, 'alpha_2': 1e-05, 'lambda_1': 0.0001, 'lambda_2': 1e-06}
Completed outer fold 4. Train R²: 0.0767, Test R²: 0.0392, Test MSE: 0.9111, Train Correlation: 0.2914, Test Correlation: 0.1987, Validation R²: 0.0356

Processing outer fold 5...
Starting hyperparameter tuning for outer fold 5...
Best hyperparameters for outer fold 5: {'alpha_1': 0.0001, 'alpha_2': 1e-06, 'lambda_1': 0.0001, 'lambda_2': 1e-06}
Completed outer fold 5. Train R²: 0.0752, Test R²: 0.0334, Test MSE: 0.9372, Train Correlation: 0.2873, Test Correlation: 0.1895, Validation R²: 0.0371

Cross-validation process complete!
Mean test score (MSE): 0.9619, Std: 0.0596
Mean train R²: 0.0746, Std: 0.0012
Mean test R²: 0.0375, Std: 0.0049
Mean train correlation: 0.2868, Std: 0.0026
Mean test correlation: 0.1972, Std: 0.0094
Mean validation R²: 0.0359, Std: 0.0008
Mean validation correlation: 0.1895, Std: 0.0021
 Target:c2b
Starting nested cross-validation process...


Processing outer fold 1...
Starting hyperparameter tuning for outer fold 1...
Best hyperparameters for outer fold 1: {'alpha_1': 1e-06, 'alpha_2': 1e-06, 'lambda_1': 0.0001, 'lambda_2': 1e-06}
Completed outer fold 1. Train R²: 0.0837, Test R²: 0.0341, Test MSE: 1.0644, Train Correlation: 0.3007, Test Correlation: 0.1997, Validation R²: 0.0447

Processing outer fold 2...
Starting hyperparameter tuning for outer fold 2...
Best hyperparameters for outer fold 2: {'alpha_1': 0.0001, 'alpha_2': 1e-05, 'lambda_1': 1e-06, 'lambda_2': 1e-06}
Completed outer fold 2. Train R²: 0.0829, Test R²: 0.0514, Test MSE: 0.8816, Train Correlation: 0.3012, Test Correlation: 0.2278, Validation R²: 0.0413

Processing outer fold 3...
Starting hyperparameter tuning for outer fold 3...
Best hyperparameters for outer fold 3: {'alpha_1': 1e-05, 'alpha_2': 1e-06, 'lambda_1': 0.0001, 'lambda_2': 1e-06}
Completed outer fold 3. Train R²: 0.0812, Test R²: 0.0487, Test MSE: 0.9743, Train Correlation: 0.2973, Test Correlation: 0.2212, Validation R²: 0.0411

Processing outer fold 4...
Starting hyperparameter tuning for outer fold 4...
Best hyperparameters for outer fold 4: {'alpha_1': 1e-06, 'alpha_2': 1e-05, 'lambda_1': 0.0001, 'lambda_2': 1e-06}
Completed outer fold 4. Train R²: 0.0843, Test R²: 0.0432, Test MSE: 0.8987, Train Correlation: 0.3029, Test Correlation: 0.2095, Validation R²: 0.0435

Processing outer fold 5...
Starting hyperparameter tuning for outer fold 5...
Best hyperparameters for outer fold 5: {'alpha_1': 1e-05, 'alpha_2': 1e-06, 'lambda_1': 0.0001, 'lambda_2': 1e-06}
Completed outer fold 5. Train R²: 0.0836, Test R²: 0.0395, Test MSE: 0.9597, Train Correlation: 0.3010, Test Correlation: 0.2046, Validation R²: 0.0462

Cross-validation process complete!
Mean test score (MSE): 0.9558, Std: 0.0647
Mean train R²: 0.0832, Std: 0.0011
Mean test R²: 0.0434, Std: 0.0062
Mean train correlation: 0.3006, Std: 0.0018
Mean test correlation: 0.2126, Std: 0.0104
Mean validation R²: 0.0433, Std: 0.0020
Mean validation correlation: 0.2082, Std: 0.0047
 Target:cbcl
Starting nested cross-validation process...


Processing outer fold 1...
Starting hyperparameter tuning for outer fold 1...
Best hyperparameters for outer fold 1: {'alpha_1': 1e-05, 'alpha_2': 1e-06, 'lambda_1': 0.0001, 'lambda_2': 1e-06}
Completed outer fold 1. Train R²: 0.0356, Test R²: 0.0007, Test MSE: 0.9425, Train Correlation: 0.2298, Test Correlation: 0.0571, Validation R²: 0.0055

Processing outer fold 2...
Starting hyperparameter tuning for outer fold 2...
Best hyperparameters for outer fold 2: {'alpha_1': 0.0001, 'alpha_2': 1e-06, 'lambda_1': 1e-06, 'lambda_2': 0.0001}
Completed outer fold 2. Train R²: 0.0322, Test R²: 0.0008, Test MSE: 1.0057, Train Correlation: 0.2185, Test Correlation: 0.0648, Validation R²: 0.0085

Processing outer fold 3...
Starting hyperparameter tuning for outer fold 3...
Best hyperparameters for outer fold 3: {'alpha_1': 1e-05, 'alpha_2': 1e-06, 'lambda_1': 1e-06, 'lambda_2': 1e-05}
Completed outer fold 3. Train R²: 0.0228, Test R²: 0.0128, Test MSE: 1.0209, Train Correlation: 0.2073, Test Correlation: 0.1331, Validation R²: 0.0030

Processing outer fold 4...
Starting hyperparameter tuning for outer fold 4...
Best hyperparameters for outer fold 4: {'alpha_1': 1e-06, 'alpha_2': 1e-06, 'lambda_1': 0.0001, 'lambda_2': 0.0001}
Completed outer fold 4. Train R²: 0.0300, Test R²: 0.0071, Test MSE: 0.9833, Train Correlation: 0.2161, Test Correlation: 0.0845, Validation R²: 0.0065

Processing outer fold 5...
Starting hyperparameter tuning for outer fold 5...
Best hyperparameters for outer fold 5: {'alpha_1': 1e-06, 'alpha_2': 0.0001, 'lambda_1': 0.0001, 'lambda_2': 1e-06}
Completed outer fold 5. Train R²: 0.0297, Test R²: 0.0056, Test MSE: 1.0196, Train Correlation: 0.2145, Test Correlation: 0.0749, Validation R²: 0.0043

Cross-validation process complete!
Mean test score (MSE): 0.9944, Std: 0.0293
Mean train R²: 0.0300, Std: 0.0042
Mean test R²: 0.0054, Std: 0.0045
Mean train correlation: 0.2173, Std: 0.0073
Mean test correlation: 0.0829, Std: 0.0268
Mean validation R²: 0.0056, Std: 0.0019
Mean validation correlation: 0.0748, Std: 0.0124
 Target:pca1
Starting nested cross-validation process...


Processing outer fold 1...
Starting hyperparameter tuning for outer fold 1...
Best hyperparameters for outer fold 1: {'alpha_1': 1e-05, 'alpha_2': 0.0001, 'lambda_1': 0.0001, 'lambda_2': 1e-06}
Completed outer fold 1. Train R²: 0.0378, Test R²: 0.0182, Test MSE: 0.9332, Train Correlation: 0.2405, Test Correlation: 0.1363, Validation R²: 0.0069

Processing outer fold 2...
Starting hyperparameter tuning for outer fold 2...
Best hyperparameters for outer fold 2: {'alpha_1': 1e-06, 'alpha_2': 1e-06, 'lambda_1': 0.0001, 'lambda_2': 1e-05}
Completed outer fold 2. Train R²: 0.0542, Test R²: -0.0005, Test MSE: 1.0422, Train Correlation: 0.2719, Test Correlation: 0.0592, Validation R²: 0.0127

Processing outer fold 3...
Starting hyperparameter tuning for outer fold 3...
Best hyperparameters for outer fold 3: {'alpha_1': 0.0001, 'alpha_2': 1e-05, 'lambda_1': 1e-06, 'lambda_2': 0.0001}
Completed outer fold 3. Train R²: 0.0461, Test R²: 0.0141, Test MSE: 0.9994, Train Correlation: 0.2571, Test Correlation: 0.1187, Validation R²: 0.0123

Processing outer fold 4...
Starting hyperparameter tuning for outer fold 4...
Best hyperparameters for outer fold 4: {'alpha_1': 1e-05, 'alpha_2': 1e-06, 'lambda_1': 1e-06, 'lambda_2': 0.0001}
Completed outer fold 4. Train R²: 0.0404, Test R²: 0.0181, Test MSE: 0.9124, Train Correlation: 0.2473, Test Correlation: 0.1477, Validation R²: 0.0087

Processing outer fold 5...
Starting hyperparameter tuning for outer fold 5...
Best hyperparameters for outer fold 5: {'alpha_1': 1e-05, 'alpha_2': 1e-06, 'lambda_1': 0.0001, 'lambda_2': 1e-05}
Completed outer fold 5. Train R²: 0.0483, Test R²: 0.0077, Test MSE: 1.0538, Train Correlation: 0.2610, Test Correlation: 0.1027, Validation R²: 0.0111

Cross-validation process complete!
Mean test score (MSE): 0.9882, Std: 0.0568
Mean train R²: 0.0454, Std: 0.0058
Mean test R²: 0.0115, Std: 0.0071
Mean train correlation: 0.2556, Std: 0.0109
Mean test correlation: 0.1129, Std: 0.0309
Mean validation R²: 0.0103, Std: 0.0022
Mean validation correlation: 0.1013, Std: 0.0112
Training for subsetFTC
(8299, 213)
(8475, 213)
(5869, 213)
 Target:c0b
Starting nested cross-validation process...


Processing outer fold 1...
Starting hyperparameter tuning for outer fold 1...
Best hyperparameters for outer fold 1: {'alpha_1': 0.0001, 'alpha_2': 1e-06, 'lambda_1': 0.0001, 'lambda_2': 1e-06}
Completed outer fold 1. Train R²: 0.0618, Test R²: 0.0255, Test MSE: 1.0798, Train Correlation: 0.2577, Test Correlation: 0.1727, Validation R²: 0.0318

Processing outer fold 2...
Starting hyperparameter tuning for outer fold 2...
Best hyperparameters for outer fold 2: {'alpha_1': 1e-06, 'alpha_2': 0.0001, 'lambda_1': 0.0001, 'lambda_2': 1e-06}
Completed outer fold 2. Train R²: 0.0616, Test R²: 0.0393, Test MSE: 0.9225, Train Correlation: 0.2585, Test Correlation: 0.1992, Validation R²: 0.0306

Processing outer fold 3...
Starting hyperparameter tuning for outer fold 3...
Best hyperparameters for outer fold 3: {'alpha_1': 1e-05, 'alpha_2': 1e-06, 'lambda_1': 0.0001, 'lambda_2': 1e-06}
Completed outer fold 3. Train R²: 0.0590, Test R²: 0.0368, Test MSE: 0.9725, Train Correlation: 0.2524, Test Correlation: 0.1920, Validation R²: 0.0312

Processing outer fold 4...
Starting hyperparameter tuning for outer fold 4...
Best hyperparameters for outer fold 4: {'alpha_1': 1e-06, 'alpha_2': 1e-06, 'lambda_1': 0.0001, 'lambda_2': 1e-06}
Completed outer fold 4. Train R²: 0.0609, Test R²: 0.0379, Test MSE: 0.9124, Train Correlation: 0.2573, Test Correlation: 0.1951, Validation R²: 0.0289

Processing outer fold 5...
Starting hyperparameter tuning for outer fold 5...
Best hyperparameters for outer fold 5: {'alpha_1': 1e-06, 'alpha_2': 1e-06, 'lambda_1': 1e-05, 'lambda_2': 1e-06}
Completed outer fold 5. Train R²: 0.0630, Test R²: 0.0247, Test MSE: 0.9457, Train Correlation: 0.2601, Test Correlation: 0.1675, Validation R²: 0.0347

Cross-validation process complete!
Mean test score (MSE): 0.9666, Std: 0.0603
Mean train R²: 0.0612, Std: 0.0013
Mean test R²: 0.0328, Std: 0.0064
Mean train correlation: 0.2572, Std: 0.0026
Mean test correlation: 0.1853, Std: 0.0127
Mean validation R²: 0.0314, Std: 0.0019
Mean validation correlation: 0.1773, Std: 0.0052
 Target:c2b
Starting nested cross-validation process...


Processing outer fold 1...
Starting hyperparameter tuning for outer fold 1...
Best hyperparameters for outer fold 1: {'alpha_1': 1e-06, 'alpha_2': 0.0001, 'lambda_1': 0.0001, 'lambda_2': 1e-06}
Completed outer fold 1. Train R²: 0.0721, Test R²: 0.0246, Test MSE: 1.0749, Train Correlation: 0.2765, Test Correlation: 0.1781, Validation R²: 0.0412

Processing outer fold 2...
Starting hyperparameter tuning for outer fold 2...
Best hyperparameters for outer fold 2: {'alpha_1': 1e-06, 'alpha_2': 1e-06, 'lambda_1': 1e-06, 'lambda_2': 0.0001}
Completed outer fold 2. Train R²: 0.0700, Test R²: 0.0418, Test MSE: 0.8906, Train Correlation: 0.2740, Test Correlation: 0.2053, Validation R²: 0.0363

Processing outer fold 3...
Starting hyperparameter tuning for outer fold 3...
Best hyperparameters for outer fold 3: {'alpha_1': 1e-06, 'alpha_2': 0.0001, 'lambda_1': 0.0001, 'lambda_2': 1e-06}
Completed outer fold 3. Train R²: 0.0645, Test R²: 0.0479, Test MSE: 0.9752, Train Correlation: 0.2630, Test Correlation: 0.2205, Validation R²: 0.0355

Processing outer fold 4...
Starting hyperparameter tuning for outer fold 4...
Best hyperparameters for outer fold 4: {'alpha_1': 1e-05, 'alpha_2': 0.0001, 'lambda_1': 0.0001, 'lambda_2': 1e-06}
Completed outer fold 4. Train R²: 0.0687, Test R²: 0.0382, Test MSE: 0.9035, Train Correlation: 0.2711, Test Correlation: 0.1964, Validation R²: 0.0374

Processing outer fold 5...
Starting hyperparameter tuning for outer fold 5...
Best hyperparameters for outer fold 5: {'alpha_1': 1e-05, 'alpha_2': 0.0001, 'lambda_1': 0.0001, 'lambda_2': 1e-06}
Completed outer fold 5. Train R²: 0.0692, Test R²: 0.0336, Test MSE: 0.9657, Train Correlation: 0.2714, Test Correlation: 0.1909, Validation R²: 0.0407

Cross-validation process complete!
Mean test score (MSE): 0.9620, Std: 0.0655
Mean train R²: 0.0689, Std: 0.0025
Mean test R²: 0.0372, Std: 0.0078
Mean train correlation: 0.2712, Std: 0.0046
Mean test correlation: 0.1982, Std: 0.0142
Mean validation R²: 0.0382, Std: 0.0023
Mean validation correlation: 0.1955, Std: 0.0059
 Target:cbcl
Starting nested cross-validation process...


Processing outer fold 1...
Starting hyperparameter tuning for outer fold 1...
Best hyperparameters for outer fold 1: {'alpha_1': 0.0001, 'alpha_2': 1e-06, 'lambda_1': 0.0001, 'lambda_2': 1e-06}
Completed outer fold 1. Train R²: 0.0230, Test R²: -0.0005, Test MSE: 0.9436, Train Correlation: 0.1821, Test Correlation: 0.0435, Validation R²: 0.0043

Processing outer fold 2...
Starting hyperparameter tuning for outer fold 2...
Best hyperparameters for outer fold 2: {'alpha_1': 1e-05, 'alpha_2': 1e-06, 'lambda_1': 1e-06, 'lambda_2': 0.0001}
Completed outer fold 2. Train R²: 0.0219, Test R²: 0.0012, Test MSE: 1.0052, Train Correlation: 0.1762, Test Correlation: 0.0535, Validation R²: 0.0054

Processing outer fold 3...
Starting hyperparameter tuning for outer fold 3...
Best hyperparameters for outer fold 3: {'alpha_1': 1e-06, 'alpha_2': 1e-05, 'lambda_1': 0.0001, 'lambda_2': 0.0001}
Completed outer fold 3. Train R²: 0.0188, Test R²: 0.0078, Test MSE: 1.0261, Train Correlation: 0.1749, Test Correlation: 0.0926, Validation R²: 0.0029

Processing outer fold 4...
Starting hyperparameter tuning for outer fold 4...
Best hyperparameters for outer fold 4: {'alpha_1': 1e-06, 'alpha_2': 0.0001, 'lambda_1': 0.0001, 'lambda_2': 1e-06}
Completed outer fold 4. Train R²: 0.0180, Test R²: 0.0049, Test MSE: 0.9855, Train Correlation: 0.1654, Test Correlation: 0.0707, Validation R²: 0.0035

Processing outer fold 5...
Starting hyperparameter tuning for outer fold 5...
Best hyperparameters for outer fold 5: {'alpha_1': 1e-06, 'alpha_2': 0.0001, 'lambda_1': 0.0001, 'lambda_2': 0.0001}
Completed outer fold 5. Train R²: 0.0173, Test R²: 0.0085, Test MSE: 1.0165, Train Correlation: 0.1640, Test Correlation: 0.0989, Validation R²: 0.0017

Cross-validation process complete!
Mean test score (MSE): 0.9954, Std: 0.0292
Mean train R²: 0.0198, Std: 0.0023
Mean test R²: 0.0044, Std: 0.0036
Mean train correlation: 0.1725, Std: 0.0068
Mean test correlation: 0.0718, Std: 0.0214
Mean validation R²: 0.0036, Std: 0.0012
Mean validation correlation: 0.0605, Std: 0.0093
 Target:pca1
Starting nested cross-validation process...


Processing outer fold 1...
Starting hyperparameter tuning for outer fold 1...
Best hyperparameters for outer fold 1: {'alpha_1': 0.0001, 'alpha_2': 1e-06, 'lambda_1': 0.0001, 'lambda_2': 0.0001}
Completed outer fold 1. Train R²: 0.0277, Test R²: 0.0182, Test MSE: 0.9332, Train Correlation: 0.2018, Test Correlation: 0.1451, Validation R²: 0.0044

Processing outer fold 2...
Starting hyperparameter tuning for outer fold 2...
Best hyperparameters for outer fold 2: {'alpha_1': 1e-06, 'alpha_2': 1e-05, 'lambda_1': 0.0001, 'lambda_2': 1e-06}
Completed outer fold 2. Train R²: 0.0437, Test R²: -0.0050, Test MSE: 1.0469, Train Correlation: 0.2376, Test Correlation: 0.0371, Validation R²: 0.0129

Processing outer fold 3...
Starting hyperparameter tuning for outer fold 3...
Best hyperparameters for outer fold 3: {'alpha_1': 1e-06, 'alpha_2': 1e-05, 'lambda_1': 1e-05, 'lambda_2': 0.0001}
Completed outer fold 3. Train R²: 0.0377, Test R²: 0.0085, Test MSE: 1.0050, Train Correlation: 0.2262, Test Correlation: 0.0944, Validation R²: 0.0102

Processing outer fold 4...
Starting hyperparameter tuning for outer fold 4...
Best hyperparameters for outer fold 4: {'alpha_1': 1e-06, 'alpha_2': 1e-06, 'lambda_1': 0.0001, 'lambda_2': 0.0001}
Completed outer fold 4. Train R²: 0.0349, Test R²: 0.0111, Test MSE: 0.9188, Train Correlation: 0.2206, Test Correlation: 0.1140, Validation R²: 0.0073

Processing outer fold 5...
Starting hyperparameter tuning for outer fold 5...
Best hyperparameters for outer fold 5: {'alpha_1': 0.0001, 'alpha_2': 1e-05, 'lambda_1': 1e-06, 'lambda_2': 0.0001}
Completed outer fold 5. Train R²: 0.0413, Test R²: 0.0037, Test MSE: 1.0581, Train Correlation: 0.2323, Test Correlation: 0.0844, Validation R²: 0.0111

Cross-validation process complete!
Mean test score (MSE): 0.9924, Std: 0.0572
Mean train R²: 0.0371, Std: 0.0056
Mean test R²: 0.0073, Std: 0.0077
Mean train correlation: 0.2237, Std: 0.0123
Mean test correlation: 0.0950, Std: 0.0356
Mean validation R²: 0.0092, Std: 0.0030
Mean validation correlation: 0.0949, Std: 0.0162
